<?xml version="1.0" encoding="UTF-8"?>
<!-- Generated by org.testng.reporters.JUnitReportReporter -->
<testsuite hostname="DESKTOP-MQ2OVQS" failures="0" tests="1" name="JavaSelenium.WebAutomation.LoginPageTest" time="11.654" errors="0" timestamp="2022-03-07T22:53:40 IST" skipped="0">
  <testcase classname="JavaSelenium.WebAutomation.LoginPageTest" name="LoginPageValidation" time="11.654"/>
  <system-out/>
</testsuite> <!-- JavaSelenium.WebAutomation.LoginPageTest -->
