<?xml version="1.0" encoding="UTF-8"?>
<!-- Generated by org.testng.reporters.JUnitReportReporter -->
<testsuite hostname="DESKTOP-MQ2OVQS" failures="0" tests="4" name="JavaSelenium.WebAutomation.LoginPage.LoginPageTest" time="15.507" errors="0" timestamp="2022-04-03T14:01:16 IST" skipped="0">
  <testcase classname="JavaSelenium.WebAutomation.LoginPage.LoginPageTest" name="InvalidLoginCredentials" time="1.485"/>
  <system-out/>
  <testcase classname="JavaSelenium.WebAutomation.LoginPage.LoginPageTest" name="InvalidLoginCredentials" time="1.498"/>
  <system-out/>
  <testcase classname="JavaSelenium.WebAutomation.LoginPage.LoginPageTest" name="LoginPageValidation" time="10.247"/>
  <system-out/>
  <testcase classname="JavaSelenium.WebAutomation.LoginPage.LoginPageTest" name="InvalidLoginCredentials" time="2.277"/>
  <system-out/>
</testsuite> <!-- JavaSelenium.WebAutomation.LoginPage.LoginPageTest -->
